
**  ProxyGen, Versão do Progress 11.6

** Checking for existence of .r files ...

** Processing non-persistent procedures ...

** Processing: D:\totvs\datasul\dts12\ERP\custom\bosch\esp\essec008.r ...
   -- Parsing r-code ...
       MAIN D:\totvs\datasul\dts12\ERP\custom\bosch\esp\essec008.p 
          INPUT fndUsuarios DATASET
          INPUT fndGrupos DATASET
          OUTPUT retorno CHARACTER
       DATASET: fndGrupos
          BUFFERS: ttGruposUsuarios
       DATASET: fndUsuarios
          BUFFERS: ttUsuarios
       TABLE: ttUsuarios
          cod-usuario CHARACTER
          nome-usuario CHARACTER
          cod-senha CHARACTER
          ind-tip-usuar CHARACTER
          ind-tip-acesso CHARACTER
          dat-inic-valid DATE
          dat-fim-valid DATE
          dat-valid-senha DATE
          num-dias-valid-senha INTEGER
       TABLE: ttGruposUsuarios
          cod-usuario CHARACTER
          cod-grupo CHARACTER
          acao-registro CHARACTER
   -- No customizations; Validation not necessary

** Processing procedure objects ...

** Checking method and parameter names ...

** Generating Web Services files ...
   Creating wsm file ...
   Generation of wsm file complete ...
   Creating test wsdl file ...
   Generation of test wsdl file complete ...

** Generation complete
